info: Microsoft.Hosting.Lifetime[14]
      Now listening on: http://localhost:5095
info: Microsoft.Hosting.Lifetime[0]
      Application started. Press Ctrl+C to shut down.
info: Microsoft.Hosting.Lifetime[0]
      Hosting environment: Production
info: Microsoft.Hosting.Lifetime[0]
      Content root path: C:\Users\Op com Produtos\Documents\COICamar\COICamar.App
warn: Microsoft.AspNetCore.HttpsPolicy.HttpsRedirectionMiddleware[3]
      Failed to determine the https port for redirect.
warn: Microsoft.AspNetCore.StaticAssets.StaticAssetsInvoker[17]
      The application is not running against the published output and Static Web Assets are not enabled. To configure static web assets in other environments, call 'StaticWebAssetsLoader.UseStaticWebAssets(IWebHostEnvironment, IConfiguration)' to enable them.
fail: Microsoft.AspNetCore.Diagnostics.ExceptionHandlerMiddleware[1]
      An unhandled exception has occurred while executing the request.
      System.IO.FileNotFoundException: Could not find file 'C:\Users\Op com Produtos\Documents\COICamar\COICamar.App\wwwroot\Components\Layout\ReconnectModal.razor.js'.
      File name: 'C:\Users\Op com Produtos\Documents\COICamar\COICamar.App\wwwroot\Components\Layout\ReconnectModal.razor.js'
         at System.IO.FileInfo.get_Length()
         at Microsoft.AspNetCore.Builder.StaticAssetDevelopmentRuntimeHandler.<>c__DisplayClass3_0.<<AttachRuntimePatching>b__0>d.MoveNext()
      --- End of stack trace from previous location ---
         at Microsoft.AspNetCore.Diagnostics.StatusCodePagesMiddleware.Invoke(HttpContext context)
         at Microsoft.AspNetCore.Diagnostics.ExceptionHandlerMiddlewareImpl.<Invoke>g__Awaited|10_0(ExceptionHandlerMiddlewareImpl middleware, HttpContext context, Task task)
fail: Microsoft.AspNetCore.Diagnostics.ExceptionHandlerMiddleware[1]
      An unhandled exception has occurred while executing the request.
      System.IO.FileNotFoundException: Could not find file 'C:\Users\Op com Produtos\Documents\COICamar\COICamar.App\wwwroot\COICamar.App.styles.css'.
      File name: 'C:\Users\Op com Produtos\Documents\COICamar\COICamar.App\wwwroot\COICamar.App.styles.css'
         at System.IO.FileInfo.get_Length()
         at Microsoft.AspNetCore.Builder.StaticAssetDevelopmentRuntimeHandler.<>c__DisplayClass3_0.<<AttachRuntimePatching>b__0>d.MoveNext()
      --- End of stack trace from previous location ---
         at Microsoft.AspNetCore.Diagnostics.StatusCodePagesMiddleware.Invoke(HttpContext context)
         at Microsoft.AspNetCore.Diagnostics.ExceptionHandlerMiddlewareImpl.<Invoke>g__Awaited|10_0(ExceptionHandlerMiddlewareImpl middleware, HttpContext context, Task task)
fail: Microsoft.AspNetCore.Diagnostics.ExceptionHandlerMiddleware[1]
      An unhandled exception has occurred while executing the request.
      System.IO.FileNotFoundException: Could not find file 'C:\Users\Op com Produtos\Documents\COICamar\COICamar.App\wwwroot\_framework\blazor.web.js'.
      File name: 'C:\Users\Op com Produtos\Documents\COICamar\COICamar.App\wwwroot\_framework\blazor.web.js'
         at System.IO.FileInfo.get_Length()
         at Microsoft.AspNetCore.Builder.StaticAssetDevelopmentRuntimeHandler.<>c__DisplayClass3_0.<<AttachRuntimePatching>b__0>d.MoveNext()
      --- End of stack trace from previous location ---
         at Microsoft.AspNetCore.Diagnostics.StatusCodePagesMiddleware.Invoke(HttpContext context)
         at Microsoft.AspNetCore.Diagnostics.ExceptionHandlerMiddlewareImpl.<Invoke>g__Awaited|10_0(ExceptionHandlerMiddlewareImpl middleware, HttpContext context, Task task)
warn: Microsoft.AspNetCore.StaticAssets.StaticAssetsInvoker[17]
      The application is not running against the published output and Static Web Assets are not enabled. To configure static web assets in other environments, call 'StaticWebAssetsLoader.UseStaticWebAssets(IWebHostEnvironment, IConfiguration)' to enable them.
warn: Microsoft.AspNetCore.StaticAssets.StaticAssetsInvoker[17]
      The application is not running against the published output and Static Web Assets are not enabled. To configure static web assets in other environments, call 'StaticWebAssetsLoader.UseStaticWebAssets(IWebHostEnvironment, IConfiguration)' to enable them.
fail: Microsoft.AspNetCore.Diagnostics.ExceptionHandlerMiddleware[1]
      An unhandled exception has occurred while executing the request.
      System.IO.FileNotFoundException: Could not find file 'C:\Users\Op com Produtos\Documents\COICamar\COICamar.App\wwwroot\COICamar.App.styles.css'.
      File name: 'C:\Users\Op com Produtos\Documents\COICamar\COICamar.App\wwwroot\COICamar.App.styles.css'
         at System.IO.FileInfo.get_Length()
         at Microsoft.AspNetCore.Builder.StaticAssetDevelopmentRuntimeHandler.<>c__DisplayClass3_0.<<AttachRuntimePatching>b__0>d.MoveNext()
      --- End of stack trace from previous location ---
         at Microsoft.AspNetCore.Diagnostics.StatusCodePagesMiddleware.Invoke(HttpContext context)
         at Microsoft.AspNetCore.Diagnostics.ExceptionHandlerMiddlewareImpl.<Invoke>g__Awaited|10_0(ExceptionHandlerMiddlewareImpl middleware, HttpContext context, Task task)
fail: Microsoft.AspNetCore.Diagnostics.ExceptionHandlerMiddleware[1]
      An unhandled exception has occurred while executing the request.
      System.IO.FileNotFoundException: Could not find file 'C:\Users\Op com Produtos\Documents\COICamar\COICamar.App\wwwroot\Components\Layout\ReconnectModal.razor.js'.
      File name: 'C:\Users\Op com Produtos\Documents\COICamar\COICamar.App\wwwroot\Components\Layout\ReconnectModal.razor.js'
         at System.IO.FileInfo.get_Length()
         at Microsoft.AspNetCore.Builder.StaticAssetDevelopmentRuntimeHandler.<>c__DisplayClass3_0.<<AttachRuntimePatching>b__0>d.MoveNext()
      --- End of stack trace from previous location ---
         at Microsoft.AspNetCore.Diagnostics.StatusCodePagesMiddleware.Invoke(HttpContext context)
         at Microsoft.AspNetCore.Diagnostics.ExceptionHandlerMiddlewareImpl.<Invoke>g__Awaited|10_0(ExceptionHandlerMiddlewareImpl middleware, HttpContext context, Task task)
fail: Microsoft.AspNetCore.Diagnostics.ExceptionHandlerMiddleware[1]
      An unhandled exception has occurred while executing the request.
      System.IO.FileNotFoundException: Could not find file 'C:\Users\Op com Produtos\Documents\COICamar\COICamar.App\wwwroot\_framework\blazor.web.js'.
      File name: 'C:\Users\Op com Produtos\Documents\COICamar\COICamar.App\wwwroot\_framework\blazor.web.js'
         at System.IO.FileInfo.get_Length()
         at Microsoft.AspNetCore.Builder.StaticAssetDevelopmentRuntimeHandler.<>c__DisplayClass3_0.<<AttachRuntimePatching>b__0>d.MoveNext()
      --- End of stack trace from previous location ---
         at Microsoft.AspNetCore.Diagnostics.StatusCodePagesMiddleware.Invoke(HttpContext context)
         at Microsoft.AspNetCore.Diagnostics.ExceptionHandlerMiddlewareImpl.<Invoke>g__Awaited|10_0(ExceptionHandlerMiddlewareImpl middleware, HttpContext context, Task task)
warn: Microsoft.AspNetCore.StaticAssets.StaticAssetsInvoker[17]
      The application is not running against the published output and Static Web Assets are not enabled. To configure static web assets in other environments, call 'StaticWebAssetsLoader.UseStaticWebAssets(IWebHostEnvironment, IConfiguration)' to enable them.
fail: Microsoft.AspNetCore.Diagnostics.ExceptionHandlerMiddleware[1]
      An unhandled exception has occurred while executing the request.
      System.IO.FileNotFoundException: Could not find file 'C:\Users\Op com Produtos\Documents\COICamar\COICamar.App\wwwroot\Components\Layout\ReconnectModal.razor.js'.
      File name: 'C:\Users\Op com Produtos\Documents\COICamar\COICamar.App\wwwroot\Components\Layout\ReconnectModal.razor.js'
         at System.IO.FileInfo.get_Length()
         at Microsoft.AspNetCore.Builder.StaticAssetDevelopmentRuntimeHandler.<>c__DisplayClass3_0.<<AttachRuntimePatching>b__0>d.MoveNext()
      --- End of stack trace from previous location ---
         at Microsoft.AspNetCore.Diagnostics.StatusCodePagesMiddleware.Invoke(HttpContext context)
         at Microsoft.AspNetCore.Diagnostics.ExceptionHandlerMiddlewareImpl.<Invoke>g__Awaited|10_0(ExceptionHandlerMiddlewareImpl middleware, HttpContext context, Task task)
fail: Microsoft.AspNetCore.Diagnostics.ExceptionHandlerMiddleware[1]
      An unhandled exception has occurred while executing the request.
      System.IO.FileNotFoundException: Could not find file 'C:\Users\Op com Produtos\Documents\COICamar\COICamar.App\wwwroot\COICamar.App.styles.css'.
      File name: 'C:\Users\Op com Produtos\Documents\COICamar\COICamar.App\wwwroot\COICamar.App.styles.css'
         at System.IO.FileInfo.get_Length()
         at Microsoft.AspNetCore.Builder.StaticAssetDevelopmentRuntimeHandler.<>c__DisplayClass3_0.<<AttachRuntimePatching>b__0>d.MoveNext()
      --- End of stack trace from previous location ---
         at Microsoft.AspNetCore.Diagnostics.StatusCodePagesMiddleware.Invoke(HttpContext context)
         at Microsoft.AspNetCore.Diagnostics.ExceptionHandlerMiddlewareImpl.<Invoke>g__Awaited|10_0(ExceptionHandlerMiddlewareImpl middleware, HttpContext context, Task task)
warn: Microsoft.AspNetCore.StaticAssets.StaticAssetsInvoker[17]
      The application is not running against the published output and Static Web Assets are not enabled. To configure static web assets in other environments, call 'StaticWebAssetsLoader.UseStaticWebAssets(IWebHostEnvironment, IConfiguration)' to enable them.
fail: Microsoft.AspNetCore.Diagnostics.ExceptionHandlerMiddleware[1]
      An unhandled exception has occurred while executing the request.
      System.IO.FileNotFoundException: Could not find file 'C:\Users\Op com Produtos\Documents\COICamar\COICamar.App\wwwroot\_framework\blazor.web.js'.
      File name: 'C:\Users\Op com Produtos\Documents\COICamar\COICamar.App\wwwroot\_framework\blazor.web.js'
         at System.IO.FileInfo.get_Length()
         at Microsoft.AspNetCore.Builder.StaticAssetDevelopmentRuntimeHandler.<>c__DisplayClass3_0.<<AttachRuntimePatching>b__0>d.MoveNext()
      --- End of stack trace from previous location ---
         at Microsoft.AspNetCore.Diagnostics.StatusCodePagesMiddleware.Invoke(HttpContext context)
         at Microsoft.AspNetCore.Diagnostics.ExceptionHandlerMiddlewareImpl.<Invoke>g__Awaited|10_0(ExceptionHandlerMiddlewareImpl middleware, HttpContext context, Task task)
warn: Microsoft.AspNetCore.StaticAssets.StaticAssetsInvoker[17]
      The application is not running against the published output and Static Web Assets are not enabled. To configure static web assets in other environments, call 'StaticWebAssetsLoader.UseStaticWebAssets(IWebHostEnvironment, IConfiguration)' to enable them.
warn: Microsoft.AspNetCore.StaticAssets.StaticAssetsInvoker[17]
      The application is not running against the published output and Static Web Assets are not enabled. To configure static web assets in other environments, call 'StaticWebAssetsLoader.UseStaticWebAssets(IWebHostEnvironment, IConfiguration)' to enable them.
fail: Microsoft.AspNetCore.Diagnostics.ExceptionHandlerMiddleware[1]
      An unhandled exception has occurred while executing the request.
      System.IO.FileNotFoundException: Could not find file 'C:\Users\Op com Produtos\Documents\COICamar\COICamar.App\wwwroot\COICamar.App.styles.css'.
      File name: 'C:\Users\Op com Produtos\Documents\COICamar\COICamar.App\wwwroot\COICamar.App.styles.css'
         at System.IO.FileInfo.get_Length()
         at Microsoft.AspNetCore.Builder.StaticAssetDevelopmentRuntimeHandler.<>c__DisplayClass3_0.<<AttachRuntimePatching>b__0>d.MoveNext()
      --- End of stack trace from previous location ---
         at Microsoft.AspNetCore.Diagnostics.StatusCodePagesMiddleware.Invoke(HttpContext context)
         at Microsoft.AspNetCore.Diagnostics.ExceptionHandlerMiddlewareImpl.<Invoke>g__Awaited|10_0(ExceptionHandlerMiddlewareImpl middleware, HttpContext context, Task task)
fail: Microsoft.AspNetCore.Diagnostics.ExceptionHandlerMiddleware[1]
      An unhandled exception has occurred while executing the request.
      System.IO.FileNotFoundException: Could not find file 'C:\Users\Op com Produtos\Documents\COICamar\COICamar.App\wwwroot\Components\Layout\ReconnectModal.razor.js'.
      File name: 'C:\Users\Op com Produtos\Documents\COICamar\COICamar.App\wwwroot\Components\Layout\ReconnectModal.razor.js'
         at System.IO.FileInfo.get_Length()
         at Microsoft.AspNetCore.Builder.StaticAssetDevelopmentRuntimeHandler.<>c__DisplayClass3_0.<<AttachRuntimePatching>b__0>d.MoveNext()
      --- End of stack trace from previous location ---
         at Microsoft.AspNetCore.Diagnostics.StatusCodePagesMiddleware.Invoke(HttpContext context)
         at Microsoft.AspNetCore.Diagnostics.ExceptionHandlerMiddlewareImpl.<Invoke>g__Awaited|10_0(ExceptionHandlerMiddlewareImpl middleware, HttpContext context, Task task)
fail: Microsoft.AspNetCore.Diagnostics.ExceptionHandlerMiddleware[1]
      An unhandled exception has occurred while executing the request.
      System.IO.FileNotFoundException: Could not find file 'C:\Users\Op com Produtos\Documents\COICamar\COICamar.App\wwwroot\_framework\blazor.web.js'.
      File name: 'C:\Users\Op com Produtos\Documents\COICamar\COICamar.App\wwwroot\_framework\blazor.web.js'
         at System.IO.FileInfo.get_Length()
         at Microsoft.AspNetCore.Builder.StaticAssetDevelopmentRuntimeHandler.<>c__DisplayClass3_0.<<AttachRuntimePatching>b__0>d.MoveNext()
      --- End of stack trace from previous location ---
         at Microsoft.AspNetCore.Diagnostics.StatusCodePagesMiddleware.Invoke(HttpContext context)
         at Microsoft.AspNetCore.Diagnostics.ExceptionHandlerMiddlewareImpl.<Invoke>g__Awaited|10_0(ExceptionHandlerMiddlewareImpl middleware, HttpContext context, Task task)
warn: Microsoft.AspNetCore.StaticAssets.StaticAssetsInvoker[17]
      The application is not running against the published output and Static Web Assets are not enabled. To configure static web assets in other environments, call 'StaticWebAssetsLoader.UseStaticWebAssets(IWebHostEnvironment, IConfiguration)' to enable them.
warn: Microsoft.AspNetCore.StaticAssets.StaticAssetsInvoker[17]
      The application is not running against the published output and Static Web Assets are not enabled. To configure static web assets in other environments, call 'StaticWebAssetsLoader.UseStaticWebAssets(IWebHostEnvironment, IConfiguration)' to enable them.
fail: Microsoft.AspNetCore.Diagnostics.ExceptionHandlerMiddleware[1]
      An unhandled exception has occurred while executing the request.
      System.IO.FileNotFoundException: Could not find file 'C:\Users\Op com Produtos\Documents\COICamar\COICamar.App\wwwroot\COICamar.App.styles.css'.
      File name: 'C:\Users\Op com Produtos\Documents\COICamar\COICamar.App\wwwroot\COICamar.App.styles.css'
         at System.IO.FileInfo.get_Length()
         at Microsoft.AspNetCore.Builder.StaticAssetDevelopmentRuntimeHandler.<>c__DisplayClass3_0.<<AttachRuntimePatching>b__0>d.MoveNext()
      --- End of stack trace from previous location ---
         at Microsoft.AspNetCore.Diagnostics.StatusCodePagesMiddleware.Invoke(HttpContext context)
         at Microsoft.AspNetCore.Diagnostics.ExceptionHandlerMiddlewareImpl.<Invoke>g__Awaited|10_0(ExceptionHandlerMiddlewareImpl middleware, HttpContext context, Task task)
fail: Microsoft.AspNetCore.Diagnostics.ExceptionHandlerMiddleware[1]
      An unhandled exception has occurred while executing the request.
      System.IO.FileNotFoundException: Could not find file 'C:\Users\Op com Produtos\Documents\COICamar\COICamar.App\wwwroot\COICamar.App.styles.css'.
      File name: 'C:\Users\Op com Produtos\Documents\COICamar\COICamar.App\wwwroot\COICamar.App.styles.css'
         at System.IO.FileInfo.get_Length()
         at Microsoft.AspNetCore.Builder.StaticAssetDevelopmentRuntimeHandler.<>c__DisplayClass3_0.<<AttachRuntimePatching>b__0>d.MoveNext()
      --- End of stack trace from previous location ---
         at Microsoft.AspNetCore.Diagnostics.StatusCodePagesMiddleware.Invoke(HttpContext context)
         at Microsoft.AspNetCore.Diagnostics.ExceptionHandlerMiddlewareImpl.<Invoke>g__Awaited|10_0(ExceptionHandlerMiddlewareImpl middleware, HttpContext context, Task task)
fail: Microsoft.AspNetCore.Diagnostics.ExceptionHandlerMiddleware[1]
      An unhandled exception has occurred while executing the request.
      System.IO.FileNotFoundException: Could not find file 'C:\Users\Op com Produtos\Documents\COICamar\COICamar.App\wwwroot\Components\Layout\ReconnectModal.razor.js'.
      File name: 'C:\Users\Op com Produtos\Documents\COICamar\COICamar.App\wwwroot\Components\Layout\ReconnectModal.razor.js'
         at System.IO.FileInfo.get_Length()
         at Microsoft.AspNetCore.Builder.StaticAssetDevelopmentRuntimeHandler.<>c__DisplayClass3_0.<<AttachRuntimePatching>b__0>d.MoveNext()
      --- End of stack trace from previous location ---
         at Microsoft.AspNetCore.Diagnostics.StatusCodePagesMiddleware.Invoke(HttpContext context)
         at Microsoft.AspNetCore.Diagnostics.ExceptionHandlerMiddlewareImpl.<Invoke>g__Awaited|10_0(ExceptionHandlerMiddlewareImpl middleware, HttpContext context, Task task)
warn: Microsoft.AspNetCore.StaticAssets.StaticAssetsInvoker[17]
      The application is not running against the published output and Static Web Assets are not enabled. To configure static web assets in other environments, call 'StaticWebAssetsLoader.UseStaticWebAssets(IWebHostEnvironment, IConfiguration)' to enable them.
fail: Microsoft.AspNetCore.Diagnostics.ExceptionHandlerMiddleware[1]
      An unhandled exception has occurred while executing the request.
      System.IO.FileNotFoundException: Could not find file 'C:\Users\Op com Produtos\Documents\COICamar\COICamar.App\wwwroot\_framework\blazor.web.js'.
      File name: 'C:\Users\Op com Produtos\Documents\COICamar\COICamar.App\wwwroot\_framework\blazor.web.js'
         at System.IO.FileInfo.get_Length()
         at Microsoft.AspNetCore.Builder.StaticAssetDevelopmentRuntimeHandler.<>c__DisplayClass3_0.<<AttachRuntimePatching>b__0>d.MoveNext()
      --- End of stack trace from previous location ---
         at Microsoft.AspNetCore.Diagnostics.StatusCodePagesMiddleware.Invoke(HttpContext context)
         at Microsoft.AspNetCore.Diagnostics.ExceptionHandlerMiddlewareImpl.<Invoke>g__Awaited|10_0(ExceptionHandlerMiddlewareImpl middleware, HttpContext context, Task task)
warn: Microsoft.AspNetCore.StaticAssets.StaticAssetsInvoker[17]
      The application is not running against the published output and Static Web Assets are not enabled. To configure static web assets in other environments, call 'StaticWebAssetsLoader.UseStaticWebAssets(IWebHostEnvironment, IConfiguration)' to enable them.
warn: Microsoft.AspNetCore.StaticAssets.StaticAssetsInvoker[17]
      The application is not running against the published output and Static Web Assets are not enabled. To configure static web assets in other environments, call 'StaticWebAssetsLoader.UseStaticWebAssets(IWebHostEnvironment, IConfiguration)' to enable them.
fail: Microsoft.AspNetCore.Diagnostics.ExceptionHandlerMiddleware[1]
      An unhandled exception has occurred while executing the request.
      System.IO.FileNotFoundException: Could not find file 'C:\Users\Op com Produtos\Documents\COICamar\COICamar.App\wwwroot\Components\Layout\ReconnectModal.razor.js'.
      File name: 'C:\Users\Op com Produtos\Documents\COICamar\COICamar.App\wwwroot\Components\Layout\ReconnectModal.razor.js'
         at System.IO.FileInfo.get_Length()
         at Microsoft.AspNetCore.Builder.StaticAssetDevelopmentRuntimeHandler.<>c__DisplayClass3_0.<<AttachRuntimePatching>b__0>d.MoveNext()
      --- End of stack trace from previous location ---
         at Microsoft.AspNetCore.Diagnostics.StatusCodePagesMiddleware.Invoke(HttpContext context)
         at Microsoft.AspNetCore.Diagnostics.ExceptionHandlerMiddlewareImpl.<Invoke>g__Awaited|10_0(ExceptionHandlerMiddlewareImpl middleware, HttpContext context, Task task)
fail: Microsoft.AspNetCore.Diagnostics.ExceptionHandlerMiddleware[1]
      An unhandled exception has occurred while executing the request.
      System.IO.FileNotFoundException: Could not find file 'C:\Users\Op com Produtos\Documents\COICamar\COICamar.App\wwwroot\COICamar.App.styles.css'.
      File name: 'C:\Users\Op com Produtos\Documents\COICamar\COICamar.App\wwwroot\COICamar.App.styles.css'
         at System.IO.FileInfo.get_Length()
         at Microsoft.AspNetCore.Builder.StaticAssetDevelopmentRuntimeHandler.<>c__DisplayClass3_0.<<AttachRuntimePatching>b__0>d.MoveNext()
      --- End of stack trace from previous location ---
         at Microsoft.AspNetCore.Diagnostics.StatusCodePagesMiddleware.Invoke(HttpContext context)
         at Microsoft.AspNetCore.Diagnostics.ExceptionHandlerMiddlewareImpl.<Invoke>g__Awaited|10_0(ExceptionHandlerMiddlewareImpl middleware, HttpContext context, Task task)
fail: Microsoft.AspNetCore.Diagnostics.ExceptionHandlerMiddleware[1]
      An unhandled exception has occurred while executing the request.
      System.IO.FileNotFoundException: Could not find file 'C:\Users\Op com Produtos\Documents\COICamar\COICamar.App\wwwroot\_framework\blazor.web.js'.
      File name: 'C:\Users\Op com Produtos\Documents\COICamar\COICamar.App\wwwroot\_framework\blazor.web.js'
         at System.IO.FileInfo.get_Length()
         at Microsoft.AspNetCore.Builder.StaticAssetDevelopmentRuntimeHandler.<>c__DisplayClass3_0.<<AttachRuntimePatching>b__0>d.MoveNext()
      --- End of stack trace from previous location ---
         at Microsoft.AspNetCore.Diagnostics.StatusCodePagesMiddleware.Invoke(HttpContext context)
         at Microsoft.AspNetCore.Diagnostics.ExceptionHandlerMiddlewareImpl.<Invoke>g__Awaited|10_0(ExceptionHandlerMiddlewareImpl middleware, HttpContext context, Task task)
warn: Microsoft.AspNetCore.StaticAssets.StaticAssetsInvoker[17]
      The application is not running against the published output and Static Web Assets are not enabled. To configure static web assets in other environments, call 'StaticWebAssetsLoader.UseStaticWebAssets(IWebHostEnvironment, IConfiguration)' to enable them.
warn: Microsoft.AspNetCore.StaticAssets.StaticAssetsInvoker[17]
      The application is not running against the published output and Static Web Assets are not enabled. To configure static web assets in other environments, call 'StaticWebAssetsLoader.UseStaticWebAssets(IWebHostEnvironment, IConfiguration)' to enable them.
fail: Microsoft.AspNetCore.Diagnostics.ExceptionHandlerMiddleware[1]
      An unhandled exception has occurred while executing the request.
      System.IO.FileNotFoundException: Could not find file 'C:\Users\Op com Produtos\Documents\COICamar\COICamar.App\wwwroot\Components\Layout\ReconnectModal.razor.js'.
      File name: 'C:\Users\Op com Produtos\Documents\COICamar\COICamar.App\wwwroot\Components\Layout\ReconnectModal.razor.js'
         at Microsoft.Extensions.FileProviders.Physical.PhysicalFileInfo.get_Length()
         at Microsoft.AspNetCore.Builder.StaticAssetDevelopmentRuntimeHandler.<>c__DisplayClass3_0.<<AttachRuntimePatching>b__0>d.MoveNext()
      --- End of stack trace from previous location ---
         at Microsoft.AspNetCore.Diagnostics.StatusCodePagesMiddleware.Invoke(HttpContext context)
         at Microsoft.AspNetCore.Diagnostics.ExceptionHandlerMiddlewareImpl.<Invoke>g__Awaited|10_0(ExceptionHandlerMiddlewareImpl middleware, HttpContext context, Task task)
fail: Microsoft.AspNetCore.Diagnostics.ExceptionHandlerMiddleware[1]
      An unhandled exception has occurred while executing the request.
      System.IO.FileNotFoundException: Could not find file 'C:\Users\Op com Produtos\Documents\COICamar\COICamar.App\wwwroot\_framework\blazor.web.js'.
      File name: 'C:\Users\Op com Produtos\Documents\COICamar\COICamar.App\wwwroot\_framework\blazor.web.js'
         at Microsoft.Extensions.FileProviders.Physical.PhysicalFileInfo.get_Length()
         at Microsoft.AspNetCore.Builder.StaticAssetDevelopmentRuntimeHandler.<>c__DisplayClass3_0.<<AttachRuntimePatching>b__0>d.MoveNext()
      --- End of stack trace from previous location ---
         at Microsoft.AspNetCore.Diagnostics.StatusCodePagesMiddleware.Invoke(HttpContext context)
         at Microsoft.AspNetCore.Diagnostics.ExceptionHandlerMiddlewareImpl.<Invoke>g__Awaited|10_0(ExceptionHandlerMiddlewareImpl middleware, HttpContext context, Task task)
fail: Microsoft.AspNetCore.Diagnostics.ExceptionHandlerMiddleware[1]
      An unhandled exception has occurred while executing the request.
      System.IO.FileNotFoundException: Could not find file 'C:\Users\Op com Produtos\Documents\COICamar\COICamar.App\wwwroot\COICamar.App.styles.css'.
      File name: 'C:\Users\Op com Produtos\Documents\COICamar\COICamar.App\wwwroot\COICamar.App.styles.css'
         at Microsoft.Extensions.FileProviders.Physical.PhysicalFileInfo.get_Length()
         at Microsoft.AspNetCore.Builder.StaticAssetDevelopmentRuntimeHandler.<>c__DisplayClass3_0.<<AttachRuntimePatching>b__0>d.MoveNext()
      --- End of stack trace from previous location ---
         at Microsoft.AspNetCore.Diagnostics.StatusCodePagesMiddleware.Invoke(HttpContext context)
         at Microsoft.AspNetCore.Diagnostics.ExceptionHandlerMiddlewareImpl.<Invoke>g__Awaited|10_0(ExceptionHandlerMiddlewareImpl middleware, HttpContext context, Task task)
warn: Microsoft.AspNetCore.StaticAssets.StaticAssetsInvoker[17]
      The application is not running against the published output and Static Web Assets are not enabled. To configure static web assets in other environments, call 'StaticWebAssetsLoader.UseStaticWebAssets(IWebHostEnvironment, IConfiguration)' to enable them.
warn: Microsoft.AspNetCore.StaticAssets.StaticAssetsInvoker[17]
      The application is not running against the published output and Static Web Assets are not enabled. To configure static web assets in other environments, call 'StaticWebAssetsLoader.UseStaticWebAssets(IWebHostEnvironment, IConfiguration)' to enable them.
fail: Microsoft.AspNetCore.Diagnostics.ExceptionHandlerMiddleware[1]
      An unhandled exception has occurred while executing the request.
      System.IO.FileNotFoundException: Could not find file 'C:\Users\Op com Produtos\Documents\COICamar\COICamar.App\wwwroot\COICamar.App.styles.css'.
      File name: 'C:\Users\Op com Produtos\Documents\COICamar\COICamar.App\wwwroot\COICamar.App.styles.css'
         at Microsoft.Extensions.FileProviders.Physical.PhysicalFileInfo.get_Length()
         at Microsoft.AspNetCore.Builder.StaticAssetDevelopmentRuntimeHandler.<>c__DisplayClass3_0.<<AttachRuntimePatching>b__0>d.MoveNext()
      --- End of stack trace from previous location ---
         at Microsoft.AspNetCore.Diagnostics.StatusCodePagesMiddleware.Invoke(HttpContext context)
         at Microsoft.AspNetCore.Diagnostics.ExceptionHandlerMiddlewareImpl.<Invoke>g__Awaited|10_0(ExceptionHandlerMiddlewareImpl middleware, HttpContext context, Task task)
fail: Microsoft.AspNetCore.Diagnostics.ExceptionHandlerMiddleware[1]
      An unhandled exception has occurred while executing the request.
      System.IO.FileNotFoundException: Could not find file 'C:\Users\Op com Produtos\Documents\COICamar\COICamar.App\wwwroot\Components\Layout\ReconnectModal.razor.js'.
      File name: 'C:\Users\Op com Produtos\Documents\COICamar\COICamar.App\wwwroot\Components\Layout\ReconnectModal.razor.js'
         at Microsoft.Extensions.FileProviders.Physical.PhysicalFileInfo.get_Length()
         at Microsoft.AspNetCore.Builder.StaticAssetDevelopmentRuntimeHandler.<>c__DisplayClass3_0.<<AttachRuntimePatching>b__0>d.MoveNext()
      --- End of stack trace from previous location ---
         at Microsoft.AspNetCore.Diagnostics.StatusCodePagesMiddleware.Invoke(HttpContext context)
         at Microsoft.AspNetCore.Diagnostics.ExceptionHandlerMiddlewareImpl.<Invoke>g__Awaited|10_0(ExceptionHandlerMiddlewareImpl middleware, HttpContext context, Task task)
fail: Microsoft.AspNetCore.Diagnostics.ExceptionHandlerMiddleware[1]
      An unhandled exception has occurred while executing the request.
      System.IO.FileNotFoundException: Could not find file 'C:\Users\Op com Produtos\Documents\COICamar\COICamar.App\wwwroot\_framework\blazor.web.js'.
      File name: 'C:\Users\Op com Produtos\Documents\COICamar\COICamar.App\wwwroot\_framework\blazor.web.js'
         at Microsoft.Extensions.FileProviders.Physical.PhysicalFileInfo.get_Length()
         at Microsoft.AspNetCore.Builder.StaticAssetDevelopmentRuntimeHandler.<>c__DisplayClass3_0.<<AttachRuntimePatching>b__0>d.MoveNext()
      --- End of stack trace from previous location ---
         at Microsoft.AspNetCore.Diagnostics.StatusCodePagesMiddleware.Invoke(HttpContext context)
         at Microsoft.AspNetCore.Diagnostics.ExceptionHandlerMiddlewareImpl.<Invoke>g__Awaited|10_0(ExceptionHandlerMiddlewareImpl middleware, HttpContext context, Task task)
warn: Microsoft.AspNetCore.StaticAssets.StaticAssetsInvoker[17]
      The application is not running against the published output and Static Web Assets are not enabled. To configure static web assets in other environments, call 'StaticWebAssetsLoader.UseStaticWebAssets(IWebHostEnvironment, IConfiguration)' to enable them.
